<?xml version="1.0" encoding="UTF-8"?>
<!-- Generated by org.testng.reporters.JUnitReportReporter -->
<testsuite hostname="Sourabh" failures="0" tests="2" name="TestngDay3.Program3" time="0.008" errors="0" timestamp="2025-10-29T14:00:08 IST" skipped="0">
  <testcase classname="TestngDay3.Program3" name="FacultyLogin" time="0.003"/>
  <system-out/>
  <testcase classname="TestngDay3.Program3" name="FacultyBrokenLinks" time="0.005"/>
  <system-out/>
</testsuite> <!-- TestngDay3.Program3 -->
