<?xml version="1.0" encoding="UTF-8"?>
<!-- Generated by org.testng.reporters.JUnitReportReporter -->
<testsuite hostname="Sourabh" failures="0" tests="1" name="TestngDay36Assertions.AssertionsDemoTest" time="4.140" errors="0" timestamp="2025-10-29T14:48:05 IST" skipped="0">
  <testcase classname="TestngDay36Assertions.AssertionsDemoTest" name="verifyAssertionsDemo" time="4.140"/>
</testsuite> <!-- TestngDay36Assertions.AssertionsDemoTest -->
