<?xml version="1.0" encoding="UTF-8"?>
<!-- Generated by org.testng.reporters.JUnitReportReporter -->
<testsuite hostname="Sourabh" failures="0" tests="1" name="TestngDay36Assertions.LoginParameterTest" time="5.255" errors="0" timestamp="2025-10-29T15:18:59 IST" skipped="0">
  <testcase classname="TestngDay36Assertions.LoginParameterTest" name="loginTest" time="5.255"/>
</testsuite> <!-- TestngDay36Assertions.LoginParameterTest -->
