<?xml version="1.0" encoding="UTF-8"?>
<!-- Generated by org.testng.reporters.JUnitReportReporter -->
<testsuite hostname="Sourabh" failures="0" tests="3" name="Testng1.Program2" time="0.007" errors="0" timestamp="2025-10-29T13:35:41 IST" skipped="0">
  <testcase classname="Testng1.Program2" name="PlacementBrokenLink" time="0.002"/>
  <system-out/>
  <testcase classname="Testng1.Program2" name="PlacementLogin" time="0.003"/>
  <system-out/>
  <testcase classname="Testng1.Program2" name="FaultyInPlacement" time="0.002"/>
  <system-out/>
</testsuite> <!-- Testng1.Program2 -->
