<?xml version="1.0" encoding="UTF-8"?>
<!-- Generated by org.testng.reporters.JUnitReportReporter -->
<testsuite hostname="Sourabh" failures="0" tests="2" name="TestNg2.Program3" time="0.004" errors="0" timestamp="2025-10-29T13:35:41 IST" skipped="0">
  <testcase classname="TestNg2.Program3" name="FacultyBrokenLinks" time="0.002"/>
  <system-out/>
  <testcase classname="TestNg2.Program3" name="FacultyLogin" time="0.002"/>
  <system-out/>
</testsuite> <!-- TestNg2.Program3 -->
