<?xml version="1.0" encoding="UTF-8"?>
<!-- Generated by org.testng.reporters.JUnitReportReporter -->
<testsuite hostname="Sourabh" failures="0" tests="2" name="TestngDay3.Program1" time="0.020" errors="0" timestamp="2025-10-29T13:26:22 IST" skipped="0">
  <testcase classname="TestngDay3.Program1" name="AdmissionLogin1" time="0.016"/>
  <system-out/>
  <testcase classname="TestngDay3.Program1" name="AdmissionBrokernLinks" time="0.004"/>
  <system-out/>
</testsuite> <!-- TestngDay3.Program1 -->
