<?xml version="1.0" encoding="UTF-8"?>
<!-- Generated by org.testng.reporters.JUnitReportReporter -->
<testsuite hostname="Sourabh" failures="0" tests="1" name="TestngDay3.Program1" time="0.024" errors="0" timestamp="2025-10-29T13:50:49 IST" skipped="0">
  <testcase classname="TestngDay3.Program1" name="AdmissionBrokernLinks" time="0.024"/>
  <system-out/>
</testsuite> <!-- TestngDay3.Program1 -->
