<?xml version="1.0" encoding="UTF-8"?>
<!-- Generated by org.testng.reporters.JUnitReportReporter -->
<testsuite hostname="Sourabh" failures="0" tests="1" name="TestngDay3SwitchWindow.WindowHandlerTest" time="10.635" errors="0" timestamp="2025-10-29T17:36:25 IST" skipped="0">
  <testcase classname="TestngDay3SwitchWindow.WindowHandlerTest" name="handleWindowExample" time="10.635"/>
  <system-out/>
</testsuite> <!-- TestngDay3SwitchWindow.WindowHandlerTest -->
