<?xml version="1.0" encoding="UTF-8"?>
<!-- Generated by org.testng.reporters.JUnitReportReporter -->
<testsuite hostname="Sourabh" failures="0" tests="2" name="Testng1.Program2" time="0.002" errors="0" timestamp="2025-10-28T17:21:41 IST" skipped="0">
  <testcase classname="Testng1.Program2" name="PlacementBrokenLink" time="0.002"/>
  <system-out/>
  <testcase classname="Testng1.Program2" name="PlacementLogin" time="0.000"/>
  <system-out/>
</testsuite> <!-- Testng1.Program2 -->
