<?xml version="1.0" encoding="UTF-8"?>
<!-- Generated by org.testng.reporters.JUnitReportReporter -->
<testsuite hostname="Sourabh" failures="0" tests="2" name="Testng1.Program1" time="0.020" errors="0" timestamp="2025-10-28T17:21:41 IST" skipped="0">
  <testcase classname="Testng1.Program1" name="AdmissionBrokernLinks" time="0.018"/>
  <system-out/>
  <testcase classname="Testng1.Program1" name="AdmissionLogin1" time="0.002"/>
  <system-out/>
</testsuite> <!-- Testng1.Program1 -->
