<?xml version="1.0" encoding="UTF-8"?>
<!-- Generated by org.testng.reporters.JUnitReportReporter -->
<testsuite hostname="Sourabh" failures="0" tests="2" name="TestngDay3.Program2" time="0.009" errors="0" timestamp="2025-10-29T13:43:25 IST" skipped="0">
  <testcase classname="TestngDay3.Program2" name="PlacementLogin" time="0.004"/>
  <system-out/>
  <testcase classname="TestngDay3.Program2" name="PlacementBrokenLink" time="0.005"/>
  <system-out/>
</testsuite> <!-- TestngDay3.Program2 -->
