<?xml version="1.0" encoding="UTF-8"?>
<!-- Generated by org.testng.reporters.JUnitReportReporter -->
<testsuite hostname="Sourabh" failures="0" tests="2" name="Testng1.Program2" time="0.004" errors="0" timestamp="2025-10-28T17:10:36 IST" skipped="0">
  <testcase classname="Testng1.Program2" name="testCase4" time="0.001"/>
  <system-out/>
  <testcase classname="Testng1.Program2" name="testCase3" time="0.003"/>
  <system-out/>
</testsuite> <!-- Testng1.Program2 -->
