<?xml version="1.0" encoding="UTF-8"?>
<!-- Generated by org.testng.reporters.JUnitReportReporter -->
<testsuite hostname="Sourabh" failures="0" tests="2" name="Testng1.Program1" time="0.013" errors="0" timestamp="2025-10-28T17:10:36 IST" skipped="0">
  <testcase classname="Testng1.Program1" name="testcase1" time="0.012"/>
  <system-out/>
  <testcase classname="Testng1.Program1" name="testcase2" time="0.001"/>
  <system-out/>
</testsuite> <!-- Testng1.Program1 -->
