<?xml version="1.0" encoding="UTF-8"?>
<!-- Generated by org.testng.reporters.JUnitReportReporter -->
<testsuite hostname="Sourabh" failures="0" tests="1" name="TestReal.LoginTest" time="5.289" errors="0" timestamp="2025-10-29T13:19:29 IST" skipped="0">
  <testcase classname="TestReal.LoginTest" name="verifyValidLogin" time="5.289"/>
  <system-out/>
</testsuite> <!-- TestReal.LoginTest -->
