<?xml version="1.0" encoding="UTF-8"?>
<!-- Generated by org.testng.reporters.JUnitReportReporter -->
<testsuite hostname="Sourabh" failures="0" tests="2" name="TestngDay3.Program1" time="0.026" errors="0" timestamp="2025-10-29T14:26:09 IST" skipped="0">
  <testcase classname="TestngDay3.Program1" name="AdmissionBrokernLinks" time="0.024"/>
  <system-out/>
  <testcase classname="TestngDay3.Program1" name="AdmissionLogin1" time="0.002"/>
  <system-out/>
</testsuite> <!-- TestngDay3.Program1 -->
