<?xml version="1.0" encoding="UTF-8"?>
<!-- Generated by org.testng.reporters.JUnitReportReporter -->
<testsuite hostname="Sourabh" failures="0" tests="4" name="TestngDay3.Program2" time="0.032" errors="0" timestamp="2025-10-29T14:27:27 IST" skipped="0">
  <testcase classname="TestngDay3.Program2" name="FacultyLogin" time="0.026"/>
  <system-out/>
  <testcase classname="TestngDay3.Program2" name="FacultyBrokenLinks" time="0.002"/>
  <system-out/>
  <testcase classname="TestngDay3.Program2" name="PlacementLogin" time="0.003"/>
  <system-out/>
  <testcase classname="TestngDay3.Program2" name="PlacementBrokenLink" time="0.001"/>
  <system-out/>
</testsuite> <!-- TestngDay3.Program2 -->
