<?xml version="1.0" encoding="UTF-8"?>
<!-- Generated by org.testng.reporters.JUnitReportReporter -->
<testsuite hostname="Sourabh" failures="0" tests="2" name="TestCases.Program1" time="38.241" errors="0" timestamp="2025-10-29T17:19:41 IST" skipped="0">
  <testcase classname="TestCases.Program1" name="signInTestcase" time="24.691"/>
  <system-out/>
  <testcase classname="TestCases.Program1" name="verifyLogo" time="13.550"/>
  <system-out/>
</testsuite> <!-- TestCases.Program1 -->
