<?xml version="1.0" encoding="UTF-8"?>
<!-- Generated by org.testng.reporters.JUnitReportReporter -->
<testsuite hostname="Sourabh" failures="0" tests="1" name="TestCases.WindowHandleTest" time="7.570" errors="0" timestamp="2025-10-29T16:43:57 IST" skipped="0">
  <testcase classname="TestCases.WindowHandleTest" name="handleWindowExample" time="7.570"/>
  <system-out/>
</testsuite> <!-- TestCases.WindowHandleTest -->
