<?xml version="1.0" encoding="UTF-8"?>
<!-- Generated by org.testng.reporters.JUnitReportReporter -->
<testsuite hostname="Sourabh" failures="0" tests="3" name="TestngDay2.TestngDay2.NewTest" time="0.015" errors="0" timestamp="2025-10-28T16:56:20 IST" skipped="0">
  <testcase classname="TestngDay2.TestngDay2.NewTest" name="f1" time="0.002"/>
  <system-out/>
  <testcase classname="TestngDay2.TestngDay2.NewTest" name="f2" time="0.005"/>
  <system-out/>
  <testcase classname="TestngDay2.TestngDay2.NewTest" name="f" time="0.008"/>
  <system-out/>
</testsuite> <!-- TestngDay2.TestngDay2.NewTest -->
